<?xml version="1.0" encoding="utf-8"?><testsuites name="pytest tests"><testsuite name="pytest" errors="0" failures="0" skipped="0" tests="14" time="1.958" timestamp="2026-06-20T19:22:08.371579+00:00" hostname="agent-env-77d709c6-255e-4fbb-a165-2c83c2efef9b"><testcase classname="backend.tests.backend_test" name="test_root" time="0.185" /><testcase classname="backend.tests.backend_test" name="test_products_list_count_88" time="0.061" /><testcase classname="backend.tests.backend_test" name="test_products_filters_endpoint" time="0.052" /><testcase classname="backend.tests.backend_test" name="test_filter_by_category_tshirt" time="0.045" /><testcase classname="backend.tests.backend_test" name="test_filter_by_design_dumpster_fire" time="0.045" /><testcase classname="backend.tests.backend_test" name="test_filter_by_unit_medical" time="0.053" /><testcase classname="backend.tests.backend_test" name="test_filter_combined" time="0.045" /><testcase classname="backend.tests.backend_test" name="test_get_product_by_slug" time="0.043" /><testcase classname="backend.tests.backend_test" name="test_get_product_invalid_slug" time="0.044" /><testcase classname="backend.tests.backend_test" name="test_manual_order_success" time="0.147" /><testcase classname="backend.tests.backend_test" name="test_manual_order_invalid_product" time="0.043" /><testcase classname="backend.tests.backend_test" name="test_checkout_quote" time="0.090" /><testcase classname="backend.tests.backend_test" name="test_stripe_checkout_session" time="0.963" /><testcase classname="backend.tests.backend_test" name="test_newsletter_subscribe" time="0.064" /></testsuite></testsuites>